W07D,None,{'station': 'W07D', 'az': 270.889, 'dist': '113.142', 'pga': 0.538, 'date': '2011-11-20', 'time': '14:19:20'}
W07D,None,{'station': 'W07D', 'az': 320.198, 'dist': '65.33', 'pga': 2.931, 'date': '2011-11-20', 'time': '19:14:33'}
W07D,None,{'station': 'W07D', 'az': 28.2634, 'dist': '129.676', 'pga': 0.419, 'date': '2011-11-22', 'time': '05:57:59'}
W07D,None,{'station': 'W07D', 'az': 356.012, 'dist': '328.282', 'pga': 0.359, 'date': '2011-11-23', 'time': '12:13:37'}
W001,None,{'station': 'W001', 'az': 199.21, 'dist': '254.865', 'pga': 0.718, 'date': '2011-11-28', 'time': '00:15:34'}
W003,None,{'station': 'W003', 'az': 199.06, 'dist': '206.505', 'pga': 0.419, 'date': '2011-11-28', 'time': '00:15:34'}
W008,None,{'station': 'W008', 'az': 198.028, 'dist': '194.418', 'pga': 0.419, 'date': '2011-11-28', 'time': '00:15:34'}
W009,None,{'station': 'W009', 'az': 198.777, 'dist': '247.098', 'pga': 0.538, 'date': '2011-11-28', 'time': '00:15:34'}
W00A,None,{'station': 'W00A', 'az': 199.224, 'dist': '216.985', 'pga': 0.359, 'date': '2011-11-28', 'time': '00:15:34'}
W00F,None,{'station': 'W00F', 'az': 197.338, 'dist': '188.74', 'pga': 0.658, 'date': '2011-11-28', 'time': '00:15:34'}
W014,None,{'station': 'W014', 'az': 198.584, 'dist': '173.716', 'pga': 0.419, 'date': '2011-11-28', 'time': '00:15:34'}
W015,None,{'station': 'W015', 'az': 200.164, 'dist': '223.891', 'pga': 0.479, 'date': '2011-11-28', 'time': '00:15:34'}
W017,None,{'station': 'W017', 'az': 197.579, 'dist': '244.748', 'pga': 0.419, 'date': '2011-11-28', 'time': '00:15:34'}
W018,None,{'station': 'W018', 'az': 196.202, 'dist': '246.286', 'pga': 0.479, 'date': '2011-11-28', 'time': '00:15:34'}
W019,None,{'station': 'W019', 'az': 199.858, 'dist': '271.696', 'pga': 0.419, 'date': '2011-11-28', 'time': '00:15:34'}
W01F,None,{'station': 'W01F', 'az': 199.314, 'dist': '285.334', 'pga': 0.419, 'date': '2011-11-28', 'time': '00:15:34'}
W020,None,{'station': 'W020', 'az': 198.6, 'dist': '271.676', 'pga': 0.359, 'date': '2011-11-28', 'time': '00:15:34'}
W021,None,{'station': 'W021', 'az': 196.649, 'dist': '225.687', 'pga': 0.419, 'date': '2011-11-28', 'time': '00:15:34'}
W042,None,{'station': 'W042', 'az': 204.258, 'dist': '103.998', 'pga': 0.359, 'date': '2011-11-28', 'time': '00:15:34'}
W055,None,{'station': 'W055', 'az': 209.236, 'dist': '344.316', 'pga': 0.837, 'date': '2011-11-28', 'time': '00:15:34'}
W059,None,{'station': 'W059', 'az': 208.654, 'dist': '328.346', 'pga': 0.419, 'date': '2011-11-28', 'time': '00:15:34'}
W072,None,{'station': 'W072', 'az': 212.96, 'dist': '220.58', 'pga': 0.479, 'date': '2011-11-28', 'time': '00:15:34'}
W078,None,{'station': 'W078', 'az': 211.997, 'dist': '235.926', 'pga': 0.419, 'date': '2011-11-28', 'time': '00:15:34'}
W079,None,{'station': 'W079', 'az': 214.549, 'dist': '229.837', 'pga': 0.419, 'date': '2011-11-28', 'time': '00:15:34'}
W07E,None,{'station': 'W07E', 'az': 219.144, 'dist': '236.544', 'pga': 0.479, 'date': '2011-11-28', 'time': '00:15:34'}
W07F,None,{'station': 'W07F', 'az': 211.537, 'dist': '218.884', 'pga': 0.479, 'date': '2011-11-28', 'time': '00:15:34'}
W083,None,{'station': 'W083', 'az': 209.969, 'dist': '193.861', 'pga': 0.538, 'date': '2011-11-28', 'time': '00:15:34'}
W084,None,{'station': 'W084', 'az': 212.893, 'dist': '225.594', 'pga': 0.299, 'date': '2011-11-28', 'time': '00:15:34'}
W087,None,{'station': 'W087', 'az': 210.486, 'dist': '257.881', 'pga': 0.419, 'date': '2011-11-28', 'time': '00:15:34'}
W08A,None,{'station': 'W08A', 'az': 218.467, 'dist': '244.458', 'pga': 0.419, 'date': '2011-11-28', 'time': '00:15:34'}
W08E,None,{'station': 'W08E', 'az': 216.677, 'dist': '247.083', 'pga': 0.419, 'date': '2011-11-28', 'time': '00:15:34'}
W08F,None,{'station': 'W08F', 'az': 218.954, 'dist': '241.297', 'pga': 0.718, 'date': '2011-11-28', 'time': '00:15:34'}
W095,None,{'station': 'W095', 'az': 218.871, 'dist': '249.805', 'pga': 0.538, 'date': '2011-11-28', 'time': '00:15:34'}
W096,None,{'station': 'W096', 'az': 217.972, 'dist': '211.845', 'pga': 0.598, 'date': '2011-11-28', 'time': '00:15:34'}
W001,None,{'station': 'W001', 'az': 218.818, 'dist': '44.7683', 'pga': 0.957, 'date': '2011-11-30', 'time': '06:48:01'}
W003,None,{'station': 'W003', 'az': 312.08, 'dist': '15.9293', 'pga': 4.785, 'date': '2011-11-30', 'time': '06:48:01'}
W008,None,{'station': 'W008', 'az': 347.658, 'dist': '21.5121', 'pga': 1.436, 'date': '2011-11-30', 'time': '06:48:01'}
W00A,None,{'station': 'W00A', 'az': 273.469, 'dist': '15.824', 'pga': 5.862, 'date': '2011-11-30', 'time': '06:48:01'}
W00F,None,{'station': 'W00F', 'az': 358.454, 'dist': '25.7493', 'pga': 0.718, 'date': '2011-11-30', 'time': '06:48:01'}
W014,None,{'station': 'W014', 'az': 0.176682, 'dist': '41.2495', 'pga': 2.034, 'date': '2011-11-30', 'time': '06:48:01'}
W015,None,{'station': 'W015', 'az': 258.568, 'dist': '21.9393', 'pga': 2.393, 'date': '2011-11-30', 'time': '06:48:01'}
W017,None,{'station': 'W017', 'az': 213.448, 'dist': '32.9403', 'pga': 0.837, 'date': '2011-11-30', 'time': '06:48:01'}
W018,None,{'station': 'W018', 'az': 202.895, 'dist': '33.2711', 'pga': 3.29, 'date': '2011-11-30', 'time': '06:48:01'}
W019,None,{'station': 'W019', 'az': 216.205, 'dist': '61.6921', 'pga': 0.419, 'date': '2011-11-30', 'time': '06:48:01'}
W01F,None,{'station': 'W01F', 'az': 211.197, 'dist': '74.2612', 'pga': 0.479, 'date': '2011-11-30', 'time': '06:48:01'}
W020,None,{'station': 'W020', 'az': 210.777, 'dist': '60.178', 'pga': 0.419, 'date': '2011-11-30', 'time': '06:48:01'}
W021,None,{'station': 'W021', 'az': 220.889, 'dist': '13.6971', 'pga': 1.615, 'date': '2011-11-30', 'time': '06:48:01'}
W042,None,{'station': 'W042', 'az': 6.40969, 'dist': '111.84', 'pga': 0.359, 'date': '2011-11-30', 'time': '06:48:01'}
W059,None,{'station': 'W059', 'az': 230.832, 'dist': '130.852', 'pga': 0.479, 'date': '2011-11-30', 'time': '06:48:01'}
W072,None,{'station': 'W072', 'az': 287.701, 'dist': '67.6315', 'pga': 0.837, 'date': '2011-11-30', 'time': '06:48:01'}
W077,None,{'station': 'W077', 'az': 271.768, 'dist': '93.4029', 'pga': 0.419, 'date': '2011-11-30', 'time': '06:48:01'}
W078,None,{'station': 'W078', 'az': 274.564, 'dist': '69.5947', 'pga': 0.419, 'date': '2011-11-30', 'time': '06:48:01'}
W079,None,{'station': 'W079', 'az': 282.297, 'dist': '76.501', 'pga': 0.419, 'date': '2011-11-30', 'time': '06:48:01'}
W07E,None,{'station': 'W07E', 'az': 283.242, 'dist': '96.3107', 'pga': 0.359, 'date': '2011-11-30', 'time': '06:48:01'}
W07F,None,{'station': 'W07F', 'az': 287.974, 'dist': '61.9257', 'pga': 0.658, 'date': '2011-11-30', 'time': '06:48:01'}
W083,None,{'station': 'W083', 'az': 312.441, 'dist': '56.0107', 'pga': 1.196, 'date': '2011-11-30', 'time': '06:48:01'}
W084,None,{'station': 'W084', 'az': 283.611, 'dist': '68.8518', 'pga': 0.299, 'date': '2011-11-30', 'time': '06:48:01'}
W087,None,{'station': 'W087', 'az': 257.513, 'dist': '76.9216', 'pga': 0.419, 'date': '2011-11-30', 'time': '06:48:01'}
W08A,None,{'station': 'W08A', 'az': 278.317, 'dist': '97.4859', 'pga': 0.538, 'date': '2011-11-30', 'time': '06:48:01'}
W08E,None,{'station': 'W08E', 'az': 274.575, 'dist': '92.2421', 'pga': 0.419, 'date': '2011-11-30', 'time': '06:48:01'}
W095,None,{'station': 'W095', 'az': 276.203, 'dist': '101.744', 'pga': 0.359, 'date': '2011-11-30', 'time': '06:48:01'}
W096,None,{'station': 'W096', 'az': 297.281, 'dist': '84.2056', 'pga': 0.658, 'date': '2011-11-30', 'time': '06:48:01'}
W001,None,{'station': 'W001', 'az': 1.86559, 'dist': '46.7511', 'pga': 2.213, 'date': '2011-12-02', 'time': '00:55:24'}
W003,None,{'station': 'W003', 'az': 10.8366, 'dist': '93.9909', 'pga': 1.376, 'date': '2011-12-02', 'time': '00:55:24'}
W008,None,{'station': 'W008', 'az': 13.6196, 'dist': '105.639', 'pga': 0.598, 'date': '2011-12-02', 'time': '00:55:24'}
W00A,None,{'station': 'W00A', 'az': 9.43089, 'dist': '83.7205', 'pga': 1.974, 'date': '2011-12-02', 'time': '00:55:24'}
W00F,None,{'station': 'W00F', 'az': 14.9955, 'dist': '111.188', 'pga': 0.658, 'date': '2011-12-02', 'time': '00:55:24'}
W014,None,{'station': 'W014', 'az': 13.5225, 'dist': '126.417', 'pga': 1.017, 'date': '2011-12-02', 'time': '00:55:24'}
W015,None,{'station': 'W015', 'az': 5.92536, 'dist': '77.6865', 'pga': 0.837, 'date': '2011-12-02', 'time': '00:55:24'}
W017,None,{'station': 'W017', 'az': 11.9052, 'dist': '55.3319', 'pga': 3.23, 'date': '2011-12-02', 'time': '00:55:24'}
W018,None,{'station': 'W018', 'az': 18.0676, 'dist': '53.6316', 'pga': 9.152, 'date': '2011-12-02', 'time': '00:55:24'}
W019,None,{'station': 'W019', 'az': 347.89, 'dist': '32.5344', 'pga': 6.639, 'date': '2011-12-02', 'time': '00:55:24'}
W01D,None,{'station': 'W01D', 'az': 15.3161, 'dist': '88.8709', 'pga': 1.077, 'date': '2011-12-02', 'time': '00:55:24'}
W01F,None,{'station': 'W01F', 'az': 333.967, 'dist': '20.103', 'pga': 21.473, 'date': '2011-12-02', 'time': '00:55:24'}
W020,None,{'station': 'W020', 'az': 357.751, 'dist': '29.9217', 'pga': 8.793, 'date': '2011-12-02', 'time': '00:55:24'}
W021,None,{'station': 'W021', 'az': 16.095, 'dist': '74.1988', 'pga': 25.66, 'date': '2011-12-02', 'time': '00:55:24'}
W042,None,{'station': 'W042', 'az': 12.2242, 'dist': '197.303', 'pga': 0.419, 'date': '2011-12-02', 'time': '00:55:24'}
W059,None,{'station': 'W059', 'az': 269.051, 'dist': '71.7773', 'pga': 3.529, 'date': '2011-12-02', 'time': '00:55:24'}
W072,None,{'station': 'W072', 'az': 341.098, 'dist': '107.915', 'pga': 1.017, 'date': '2011-12-02', 'time': '00:55:24'}
W077,None,{'station': 'W077', 'az': 322.876, 'dist': '105.795', 'pga': 0.718, 'date': '2011-12-02', 'time': '00:55:24'}
W078,None,{'station': 'W078', 'az': 335.393, 'dist': '95.7563', 'pga': 0.897, 'date': '2011-12-02', 'time': '00:55:24'}
W079,None,{'station': 'W079', 'az': 335.164, 'dist': '107.771', 'pga': 0.718, 'date': '2011-12-02', 'time': '00:55:24'}
W07E,None,{'station': 'W07E', 'az': 328.163, 'dist': '121.866', 'pga': 2.034, 'date': '2011-12-02', 'time': '00:55:24'}
W083,None,{'station': 'W083', 'az': 354.308, 'dist': '119.969', 'pga': 1.316, 'date': '2011-12-02', 'time': '00:55:24'}
W084,None,{'station': 'W084', 'az': 339.039, 'dist': '104.655', 'pga': 0.658, 'date': '2011-12-02', 'time': '00:55:24'}
W087,None,{'station': 'W087', 'az': 324.925, 'dist': '79.2753', 'pga': 1.495, 'date': '2011-12-02', 'time': '00:55:24'}
W08A,None,{'station': 'W08A', 'az': 324.975, 'dist': '116.7', 'pga': 1.256, 'date': '2011-12-02', 'time': '00:55:24'}
W08E,None,{'station': 'W08E', 'az': 324.892, 'dist': '108.589', 'pga': 2.034, 'date': '2011-12-02', 'time': '00:55:24'}
W095,None,{'station': 'W095', 'az': 322.22, 'dist': '116.97', 'pga': 1.196, 'date': '2011-12-02', 'time': '00:55:24'}
W096,None,{'station': 'W096', 'az': 339.291, 'dist': '128.403', 'pga': 0.479, 'date': '2011-12-02', 'time': '00:55:24'}
W001,None,{'station': 'W001', 'az': 202.282, 'dist': '166.42', 'pga': 0.718, 'date': '2011-12-02', 'time': '15:25:38'}
W003,None,{'station': 'W003', 'az': 203.313, 'dist': '118.121', 'pga': 0.897, 'date': '2011-12-02', 'time': '15:25:38'}
W008,None,{'station': 'W008', 'az': 201.92, 'dist': '105.804', 'pga': 0.419, 'date': '2011-12-02', 'time': '15:25:38'}
W00A,None,{'station': 'W00A', 'az': 203.237, 'dist': '128.618', 'pga': 0.419, 'date': '2011-12-02', 'time': '15:25:38'}
W00F,None,{'station': 'W00F', 'az': 200.847, 'dist': '99.986', 'pga': 0.538, 'date': '2011-12-02', 'time': '15:25:38'}
W014,None,{'station': 'W014', 'az': 204.015, 'dist': '85.3181', 'pga': 0.957, 'date': '2011-12-02', 'time': '15:25:38'}
W015,None,{'station': 'W015', 'az': 204.575, 'dist': '135.776', 'pga': 0.419, 'date': '2011-12-02', 'time': '15:25:38'}
W017,None,{'station': 'W017', 'az': 199.934, 'dist': '155.967', 'pga': 0.479, 'date': '2011-12-02', 'time': '15:25:38'}
W018,None,{'station': 'W018', 'az': 197.756, 'dist': '157.293', 'pga': 0.479, 'date': '2011-12-02', 'time': '15:25:38'}
W019,None,{'station': 'W019', 'az': 202.952, 'dist': '183.39', 'pga': 0.419, 'date': '2011-12-02', 'time': '15:25:38'}
W01D,None,{'station': 'W01D', 'az': 199.594, 'dist': '122.179', 'pga': 0.419, 'date': '2011-12-02', 'time': '15:25:38'}
W01F,None,{'station': 'W01F', 'az': 201.945, 'dist': '196.874', 'pga': 0.419, 'date': '2011-12-02', 'time': '15:25:38'}
W020,None,{'station': 'W020', 'az': 201.089, 'dist': '183.07', 'pga': 0.359, 'date': '2011-12-02', 'time': '15:25:38'}
W021,None,{'station': 'W021', 'az': 198.741, 'dist': '136.766', 'pga': 0.359, 'date': '2011-12-02', 'time': '15:25:38'}
W042,None,{'station': 'W042', 'az': 250.012, 'dist': '23.6139', 'pga': 0.837, 'date': '2011-12-02', 'time': '15:25:38'}
W059,None,{'station': 'W059', 'az': 214.127, 'dist': '243.502', 'pga': 0.419, 'date': '2011-12-02', 'time': '15:25:38'}
W072,None,{'station': 'W072', 'az': 225.254, 'dist': '139.857', 'pga': 0.419, 'date': '2011-12-02', 'time': '15:25:38'}
W077,None,{'station': 'W077', 'az': 227.868, 'dist': '173.01', 'pga': 0.538, 'date': '2011-12-02', 'time': '15:25:38'}
W078,None,{'station': 'W078', 'az': 222.593, 'dist': '154.13', 'pga': 0.658, 'date': '2011-12-02', 'time': '15:25:38'}
W079,None,{'station': 'W079', 'az': 226.877, 'dist': '150.24', 'pga': 0.359, 'date': '2011-12-02', 'time': '15:25:38'}
W07E,None,{'station': 'W07E', 'az': 233.018, 'dist': '161.047', 'pga': 0.538, 'date': '2011-12-02', 'time': '15:25:38'}
W07F,None,{'station': 'W07F', 'az': 223.192, 'dist': '137.058', 'pga': 0.538, 'date': '2011-12-02', 'time': '15:25:38'}
W083,None,{'station': 'W083', 'az': 223.149, 'dist': '111.408', 'pga': 0.658, 'date': '2011-12-02', 'time': '15:25:38'}
W084,None,{'station': 'W084', 'az': 224.726, 'dist': '144.704', 'pga': 0.239, 'date': '2011-12-02', 'time': '15:25:38'}
W087,None,{'station': 'W087', 'az': 219.069, 'dist': '174.685', 'pga': 0.419, 'date': '2011-12-02', 'time': '15:25:38'}
W08A,None,{'station': 'W08A', 'az': 231.412, 'dist': '168.079', 'pga': 0.538, 'date': '2011-12-02', 'time': '15:25:38'}
W08E,None,{'station': 'W08E', 'az': 228.67, 'dist': '168.971', 'pga': 0.419, 'date': '2011-12-02', 'time': '15:25:38'}
W095,None,{'station': 'W095', 'az': 231.58, 'dist': '173.68', 'pga': 0.479, 'date': '2011-12-02', 'time': '15:25:38'}
W096,None,{'station': 'W096', 'az': 233.763, 'dist': '136.001', 'pga': 0.479, 'date': '2011-12-02', 'time': '15:25:38'}
W001,None,{'station': 'W001', 'az': 192.854, 'dist': '56.6907', 'pga': 0.778, 'date': '2011-12-03', 'time': '01:30:17'}
W003,None,{'station': 'W003', 'az': 159.733, 'dist': '10.3371', 'pga': 48.031, 'date': '2011-12-03', 'time': '01:30:17'}
W008,None,{'station': 'W008', 'az': 86.5538, 'dist': '10.8141', 'pga': 12.92, 'date': '2011-12-03', 'time': '01:30:17'}
W00A,None,{'station': 'W00A', 'az': 181.124, 'dist': '19.423', 'pga': 6.52, 'date': '2011-12-03', 'time': '01:30:17'}
W00F,None,{'station': 'W00F', 'az': 69.8914, 'dist': '15.6463', 'pga': 5.264, 'date': '2011-12-03', 'time': '01:30:17'}
W014,None,{'station': 'W014', 'az': 36.5721, 'dist': '26.0108', 'pga': 11.963, 'date': '2011-12-03', 'time': '01:30:17'}
W015,None,{'station': 'W015', 'az': 193.822, 'dist': '25.4687', 'pga': 3.888, 'date': '2011-12-03', 'time': '01:30:17'}
W017,None,{'station': 'W017', 'az': 183.243, 'dist': '47.941', 'pga': 0.538, 'date': '2011-12-03', 'time': '01:30:17'}
W018,None,{'station': 'W018', 'az': 177.191, 'dist': '51.0851', 'pga': 0.658, 'date': '2011-12-03', 'time': '01:30:17'}
W019,None,{'station': 'W019', 'az': 196.639, 'dist': '73.2449', 'pga': 0.778, 'date': '2011-12-03', 'time': '01:30:17'}
W01D,None,{'station': 'W01D', 'az': 150.091, 'dist': '18.8076', 'pga': 2.991, 'date': '2011-12-03', 'time': '01:30:17'}
W01F,None,{'station': 'W01F', 'az': 195.316, 'dist': '87.0134', 'pga': 0.479, 'date': '2011-12-03', 'time': '01:30:17'}
W020,None,{'station': 'W020', 'az': 191.999, 'dist': '73.7057', 'pga': 0.419, 'date': '2011-12-03', 'time': '01:30:17'}
W021,None,{'station': 'W021', 'az': 168.126, 'dist': '31.3959', 'pga': 0.778, 'date': '2011-12-03', 'time': '01:30:17'}
W042,None,{'station': 'W042', 'az': 17.0126, 'dist': '94.9496', 'pga': 0.419, 'date': '2011-12-03', 'time': '01:30:17'}
W059,None,{'station': 'W059', 'az': 219.813, 'dist': '134.235', 'pga': 0.479, 'date': '2011-12-03', 'time': '01:30:17'}
W072,None,{'station': 'W072', 'az': 270.158, 'dist': '49.0364', 'pga': 3.888, 'date': '2011-12-03', 'time': '01:30:17'}
W077,None,{'station': 'W077', 'az': 257.293, 'dist': '79.9034', 'pga': 0.479, 'date': '2011-12-03', 'time': '01:30:17'}
W078,None,{'station': 'W078', 'az': 254.57, 'dist': '55.9826', 'pga': 0.718, 'date': '2011-12-03', 'time': '01:30:17'}
W079,None,{'station': 'W079', 'az': 266.004, 'dist': '59.4925', 'pga': 0.598, 'date': '2011-12-03', 'time': '01:30:17'}
W07E,None,{'station': 'W07E', 'az': 271.172, 'dist': '78.3743', 'pga': 0.479, 'date': '2011-12-03', 'time': '01:30:17'}
W07F,None,{'station': 'W07F', 'az': 268.271, 'dist': '43.5285', 'pga': 2.871, 'date': '2011-12-03', 'time': '01:30:17'}
W083,None,{'station': 'W083', 'az': 303.823, 'dist': '31.2481', 'pga': 6.28, 'date': '2011-12-03', 'time': '01:30:17'}
W084,None,{'station': 'W084', 'az': 265.309, 'dist': '51.6934', 'pga': 0.897, 'date': '2011-12-03', 'time': '01:30:17'}
W087,None,{'station': 'W087', 'az': 238.149, 'dist': '70.247', 'pga': 0.419, 'date': '2011-12-03', 'time': '01:30:17'}
W08A,None,{'station': 'W08A', 'az': 265.514, 'dist': '81.3095', 'pga': 0.419, 'date': '2011-12-03', 'time': '01:30:17'}
W08E,None,{'station': 'W08E', 'az': 260.289, 'dist': '77.6532', 'pga': 0.538, 'date': '2011-12-03', 'time': '01:30:17'}
W095,None,{'station': 'W095', 'az': 263.697, 'dist': '86.266', 'pga': 0.419, 'date': '2011-12-03', 'time': '01:30:17'}
W096,None,{'station': 'W096', 'az': 286.98, 'dist': '62.1751', 'pga': 0.479, 'date': '2011-12-03', 'time': '01:30:17'}
W001,None,{'station': 'W001', 'az': 207.685, 'dist': '154.005', 'pga': 0.598, 'date': '2011-12-04', 'time': '10:13:04'}
W003,None,{'station': 'W003', 'az': 211.265, 'dist': '106.306', 'pga': 2.871, 'date': '2011-12-04', 'time': '10:13:04'}
W008,None,{'station': 'W008', 'az': 210.747, 'dist': '93.7251', 'pga': 1.914, 'date': '2011-12-04', 'time': '10:13:04'}
W00A,None,{'station': 'W00A', 'az': 210.471, 'dist': '116.691', 'pga': 1.196, 'date': '2011-12-04', 'time': '10:13:04'}
W00F,None,{'station': 'W00F', 'az': 210.121, 'dist': '87.6769', 'pga': 0.778, 'date': '2011-12-04', 'time': '10:13:04'}
W014,None,{'station': 'W014', 'az': 215.56, 'dist': '74.1617', 'pga': 5.682, 'date': '2011-12-04', 'time': '10:13:04'}
W015,None,{'station': 'W015', 'az': 211.511, 'dist': '124.172', 'pga': 0.598, 'date': '2011-12-04', 'time': '10:13:04'}
W017,None,{'station': 'W017', 'az': 205.531, 'dist': '142.971', 'pga': 0.658, 'date': '2011-12-04', 'time': '10:13:04'}
W018,None,{'station': 'W018', 'az': 203.113, 'dist': '143.727', 'pga': 2.093, 'date': '2011-12-04', 'time': '10:13:04'}
W019,None,{'station': 'W019', 'az': 207.868, 'dist': '171.09', 'pga': 0.479, 'date': '2011-12-04', 'time': '10:13:04'}
W01D,None,{'station': 'W01D', 'az': 206.871, 'dist': '109.3', 'pga': 1.376, 'date': '2011-12-04', 'time': '10:13:04'}
W01F,None,{'station': 'W01F', 'az': 206.439, 'dist': '184.257', 'pga': 0.538, 'date': '2011-12-04', 'time': '10:13:04'}
W020,None,{'station': 'W020', 'az': 205.884, 'dist': '170.27', 'pga': 0.538, 'date': '2011-12-04', 'time': '10:13:04'}
W021,None,{'station': 'W021', 'az': 205.083, 'dist': '123.559', 'pga': 0.897, 'date': '2011-12-04', 'time': '10:13:04'}
W042,None,{'station': 'W042', 'az': 287.31, 'dist': '32.007', 'pga': 3.768, 'date': '2011-12-04', 'time': '10:13:04'}
W059,None,{'station': 'W059', 'az': 218.27, 'dist': '234.251', 'pga': 0.479, 'date': '2011-12-04', 'time': '10:13:04'}
W072,None,{'station': 'W072', 'az': 233.129, 'dist': '134.689', 'pga': 0.957, 'date': '2011-12-04', 'time': '10:13:04'}
W077,None,{'station': 'W077', 'az': 234.258, 'dist': '168.463', 'pga': 0.778, 'date': '2011-12-04', 'time': '10:13:04'}
W078,None,{'station': 'W078', 'az': 229.636, 'dist': '147.963', 'pga': 0.837, 'date': '2011-12-04', 'time': '10:13:04'}
W079,None,{'station': 'W079', 'az': 234.234, 'dist': '145.522', 'pga': 0.598, 'date': '2011-12-04', 'time': '10:13:04'}
W07E,None,{'station': 'W07E', 'az': 239.972, 'dist': '158.314', 'pga': 1.376, 'date': '2011-12-04', 'time': '10:13:04'}
W07F,None,{'station': 'W07F', 'az': 231.168, 'dist': '131.232', 'pga': 1.436, 'date': '2011-12-04', 'time': '10:13:04'}
W083,None,{'station': 'W083', 'az': 233.042, 'dist': '105.874', 'pga': 3.17, 'date': '2011-12-04', 'time': '10:13:04'}
W084,None,{'station': 'W084', 'az': 232.314, 'dist': '139.317', 'pga': 0.538, 'date': '2011-12-04', 'time': '10:13:04'}
W087,None,{'station': 'W087', 'az': 225.135, 'dist': '167.242', 'pga': 0.897, 'date': '2011-12-04', 'time': '10:13:04'}
W08A,None,{'station': 'W08A', 'az': 238.053, 'dist': '164.754', 'pga': 1.436, 'date': '2011-12-04', 'time': '10:13:04'}
W08E,None,{'station': 'W08E', 'az': 235.231, 'dist': '164.718', 'pga': 2.153, 'date': '2011-12-04', 'time': '10:13:04'}
W095,None,{'station': 'W095', 'az': 238.007, 'dist': '170.376', 'pga': 0.658, 'date': '2011-12-04', 'time': '10:13:04'}
W096,None,{'station': 'W096', 'az': 242.018, 'dist': '133.738', 'pga': 0.598, 'date': '2011-12-04', 'time': '10:13:04'}
W001,None,{'station': 'W001', 'az': 157.597, 'dist': '66.6048', 'pga': 0.359, 'date': '2011-12-04', 'time': '18:52:51'}
W003,None,{'station': 'W003', 'az': 111.058, 'dist': '44.4246', 'pga': 1.077, 'date': '2011-12-04', 'time': '18:52:51'}
W008,None,{'station': 'W008', 'az': 96.5628, 'dist': '48.9651', 'pga': 0.359, 'date': '2011-12-04', 'time': '18:52:51'}
W00A,None,{'station': 'W00A', 'az': 124.404, 'dist': '45.4761', 'pga': 0.598, 'date': '2011-12-04', 'time': '18:52:51'}
W00F,None,{'station': 'W00F', 'az': 90.9346, 'dist': '52.5369', 'pga': 0.538, 'date': '2011-12-04', 'time': '18:52:51'}
W014,None,{'station': 'W014', 'az': 74.6242, 'dist': '55.2729', 'pga': 0.658, 'date': '2011-12-04', 'time': '18:52:51'}
W015,None,{'station': 'W015', 'az': 134.262, 'dist': '44.4481', 'pga': 1.316, 'date': '2011-12-04', 'time': '18:52:51'}
W017,None,{'station': 'W017', 'az': 146.924, 'dist': '64.6172', 'pga': 0.538, 'date': '2011-12-04', 'time': '18:52:51'}
W018,None,{'station': 'W018', 'az': 144.751, 'dist': '70.1547', 'pga': 0.479, 'date': '2011-12-04', 'time': '18:52:51'}
W019,None,{'station': 'W019', 'az': 167.429, 'dist': '78.3867', 'pga': 0.419, 'date': '2011-12-04', 'time': '18:52:51'}
W01D,None,{'station': 'W01D', 'az': 115.505, 'dist': '52.3765', 'pga': 0.658, 'date': '2011-12-04', 'time': '18:52:51'}
W01F,None,{'station': 'W01F', 'az': 170.511, 'dist': '91.5096', 'pga': 0.419, 'date': '2011-12-04', 'time': '18:52:51'}
W020,None,{'station': 'W020', 'az': 163.843, 'dist': '81.634', 'pga': 0.419, 'date': '2011-12-04', 'time': '18:52:51'}
W021,None,{'station': 'W021', 'az': 129.797, 'dist': '57.778', 'pga': 0.419, 'date': '2011-12-04', 'time': '18:52:51'}
W042,None,{'station': 'W042', 'az': 37.704, 'dist': '106.921', 'pga': 0.419, 'date': '2011-12-04', 'time': '18:52:51'}
W059,None,{'station': 'W059', 'az': 203.575, 'dist': '119.589', 'pga': 0.479, 'date': '2011-12-04', 'time': '18:52:51'}
W072,None,{'station': 'W072', 'az': 240.735, 'dist': '12.8213', 'pga': 8.434, 'date': '2011-12-04', 'time': '18:52:51'}
W077,None,{'station': 'W077', 'az': 239.009, 'dist': '46.7172', 'pga': 0.658, 'date': '2011-12-04', 'time': '18:52:51'}
W078,None,{'station': 'W078', 'az': 217.026, 'dist': '26.693', 'pga': 3.23, 'date': '2011-12-04', 'time': '18:52:51'}
W079,None,{'station': 'W079', 'az': 243.792, 'dist': '23.947', 'pga': 2.452, 'date': '2011-12-04', 'time': '18:52:51'}
W07E,None,{'station': 'W07E', 'az': 263.136, 'dist': '40.8027', 'pga': 0.479, 'date': '2011-12-04', 'time': '18:52:51'}
W07F,None,{'station': 'W07F', 'az': 216.282, 'dist': '9.55396', 'pga': 19.14, 'date': '2011-12-04', 'time': '18:52:51'}
W083,None,{'station': 'W083', 'az': 46.9893, 'dist': '16.2006', 'pga': 10.647, 'date': '2011-12-04', 'time': '18:52:51'}
W084,None,{'station': 'W084', 'az': 232.086, 'dist': '17.3114', 'pga': 3.29, 'date': '2011-12-04', 'time': '18:52:51'}
W087,None,{'station': 'W087', 'az': 206.534, 'dist': '48.6218', 'pga': 0.359, 'date': '2011-12-04', 'time': '18:52:51'}
W08A,None,{'station': 'W08A', 'az': 253.436, 'dist': '45.0619', 'pga': 0.778, 'date': '2011-12-04', 'time': '18:52:51'}
W08E,None,{'station': 'W08E', 'az': 243.145, 'dist': '43.3274', 'pga': 0.837, 'date': '2011-12-04', 'time': '18:52:51'}
W095,None,{'station': 'W095', 'az': 251.55, 'dist': '50.4616', 'pga': 0.419, 'date': '2011-12-04', 'time': '18:52:51'}
W096,None,{'station': 'W096', 'az': 298.431, 'dist': '24.6314', 'pga': 0.897, 'date': '2011-12-04', 'time': '18:52:51'}
W001,None,{'station': 'W001', 'az': 337.013, 'dist': '286.037', 'pga': 0.479, 'date': '2011-12-04', 'time': '19:57:43'}
W003,None,{'station': 'W003', 'az': 342.864, 'dist': '323.14', 'pga': 0.359, 'date': '2011-12-04', 'time': '19:57:43'}
W008,None,{'station': 'W008', 'az': 344.595, 'dist': '330.989', 'pga': 0.359, 'date': '2011-12-04', 'time': '19:57:43'}
W00A,None,{'station': 'W00A', 'az': 341.645, 'dist': '315.132', 'pga': 0.359, 'date': '2011-12-04', 'time': '19:57:43'}
W00F,None,{'station': 'W00F', 'az': 345.458, 'dist': '334.518', 'pga': 0.538, 'date': '2011-12-04', 'time': '19:57:43'}
W014,None,{'station': 'W014', 'az': 346.241, 'dist': '349.331', 'pga': 0.419, 'date': '2011-12-04', 'time': '19:57:43'}
W015,None,{'station': 'W015', 'az': 340.339, 'dist': '312.012', 'pga': 0.419, 'date': '2011-12-04', 'time': '19:57:43'}
W017,None,{'station': 'W017', 'az': 339.397, 'dist': '289.162', 'pga': 0.479, 'date': '2011-12-04', 'time': '19:57:43'}
W018,None,{'station': 'W018', 'az': 340.151, 'dist': '284.37', 'pga': 0.479, 'date': '2011-12-04', 'time': '19:57:43'}
W019,None,{'station': 'W019', 'az': 334.19, 'dist': '275.998', 'pga': 0.419, 'date': '2011-12-04', 'time': '19:57:43'}
W01D,None,{'station': 'W01D', 'az': 343.508, 'dist': '315.117', 'pga': 0.419, 'date': '2011-12-04', 'time': '19:57:43'}
W01F,None,{'station': 'W01F', 'az': 332.486, 'dist': '264.666', 'pga': 0.359, 'date': '2011-12-04', 'time': '19:57:43'}
W020,None,{'station': 'W020', 'az': 335.081, 'dist': '271.819', 'pga': 0.419, 'date': '2011-12-04', 'time': '19:57:43'}
W021,None,{'station': 'W021', 'az': 342.185, 'dist': '302.242', 'pga': 0.419, 'date': '2011-12-04', 'time': '19:57:43'}
W042,None,{'station': 'W042', 'az': 350.247, 'dist': '415.132', 'pga': 0.419, 'date': '2011-12-04', 'time': '19:57:43'}
W059,None,{'station': 'W059', 'az': 319.354, 'dist': '284.57', 'pga': 0.419, 'date': '2011-12-04', 'time': '19:57:43'}
W072,None,{'station': 'W072', 'az': 335.14, 'dist': '351.529', 'pga': 0.479, 'date': '2011-12-04', 'time': '19:57:43'}
W077,None,{'station': 'W077', 'az': 329.602, 'dist': '349.451', 'pga': 0.419, 'date': '2011-12-04', 'time': '19:57:43'}
W078,None,{'station': 'W078', 'az': 333.309, 'dist': '340.205', 'pga': 0.538, 'date': '2011-12-04', 'time': '19:57:43'}
W079,None,{'station': 'W079', 'az': 333.324, 'dist': '352.226', 'pga': 0.538, 'date': '2011-12-04', 'time': '19:57:43'}
W07E,None,{'station': 'W07E', 'az': 331.082, 'dist': '366.266', 'pga': 0.359, 'date': '2011-12-04', 'time': '19:57:43'}
W07F,None,{'station': 'W07F', 'az': 335.862, 'dist': '347.891', 'pga': 0.598, 'date': '2011-12-04', 'time': '19:57:43'}
W083,None,{'station': 'W083', 'az': 339.66, 'dist': '358.422', 'pga': 0.419, 'date': '2011-12-04', 'time': '19:57:43'}
W084,None,{'station': 'W084', 'az': 334.464, 'dist': '348.664', 'pga': 0.239, 'date': '2011-12-04', 'time': '19:57:43'}
W087,None,{'station': 'W087', 'az': 330.62, 'dist': '323.405', 'pga': 0.957, 'date': '2011-12-04', 'time': '19:57:43'}
W08A,None,{'station': 'W08A', 'az': 330.088, 'dist': '360.696', 'pga': 0.359, 'date': '2011-12-04', 'time': '19:57:43'}
W08E,None,{'station': 'W08E', 'az': 330.171, 'dist': '352.599', 'pga': 0.359, 'date': '2011-12-04', 'time': '19:57:43'}
W095,None,{'station': 'W095', 'az': 329.195, 'dist': '360.413', 'pga': 0.359, 'date': '2011-12-04', 'time': '19:57:43'}
W096,None,{'station': 'W096', 'az': 334.869, 'dist': '372.281', 'pga': 0.778, 'date': '2011-12-04', 'time': '19:57:43'}
W001,None,{'station': 'W001', 'az': 25.8562, 'dist': '192.202', 'pga': 0.479, 'date': '2011-12-05', 'time': '02:22:25'}
W003,None,{'station': 'W003', 'az': 24.5186, 'dist': '240.305', 'pga': 0.658, 'date': '2011-12-05', 'time': '02:22:25'}
W008,None,{'station': 'W008', 'az': 25.0153, 'dist': '252.736', 'pga': 0.359, 'date': '2011-12-05', 'time': '02:22:25'}
W00A,None,{'station': 'W00A', 'az': 24.6424, 'dist': '229.819', 'pga': 0.419, 'date': '2011-12-05', 'time': '02:22:25'}
W00F,None,{'station': 'W00F', 'az': 25.3465, 'dist': '258.684', 'pga': 0.837, 'date': '2011-12-05', 'time': '02:22:25'}
W014,None,{'station': 'W014', 'az': 24.0865, 'dist': '273.074', 'pga': 0.419, 'date': '2011-12-05', 'time': '02:22:25'}
W015,None,{'station': 'W015', 'az': 23.8898, 'dist': '222.613', 'pga': 0.419, 'date': '2011-12-05', 'time': '02:22:25'}
W017,None,{'station': 'W017', 'az': 27.4375, 'dist': '203.297', 'pga': 0.479, 'date': '2011-12-05', 'time': '02:22:25'}
W018,None,{'station': 'W018', 'az': 29.156, 'dist': '203.026', 'pga': 0.479, 'date': '2011-12-05', 'time': '02:22:25'}
W019,None,{'station': 'W019', 'az': 25.5569, 'dist': '175.136', 'pga': 0.598, 'date': '2011-12-05', 'time': '02:22:25'}
W01D,None,{'station': 'W01D', 'az': 26.4637, 'dist': '236.888', 'pga': 0.419, 'date': '2011-12-05', 'time': '02:22:25'}
W01F,None,{'station': 'W01F', 'az': 27.0431, 'dist': '161.949', 'pga': 1.376, 'date': '2011-12-05', 'time': '02:22:25'}
W020,None,{'station': 'W020', 'az': 27.4848, 'dist': '175.981', 'pga': 0.479, 'date': '2011-12-05', 'time': '02:22:25'}
W021,None,{'station': 'W021', 'az': 27.4683, 'dist': '222.736', 'pga': 1.196, 'date': '2011-12-05', 'time': '02:22:25'}
W042,None,{'station': 'W042', 'az': 21.1118, 'dist': '342.254', 'pga': 0.538, 'date': '2011-12-05', 'time': '02:22:25'}
W059,None,{'station': 'W059', 'az': 4.94584, 'dist': '125.117', 'pga': 0.598, 'date': '2011-12-05', 'time': '02:22:25'}
W072,None,{'station': 'W072', 'az': 11.6485, 'dist': '232.931', 'pga': 0.538, 'date': '2011-12-05', 'time': '02:22:25'}
W077,None,{'station': 'W077', 'az': 4.95608, 'dist': '211.023', 'pga': 0.479, 'date': '2011-12-05', 'time': '02:22:25'}
W078,None,{'station': 'W078', 'az': 11.2026, 'dist': '217.21', 'pga': 0.718, 'date': '2011-12-05', 'time': '02:22:25'}
W079,None,{'station': 'W079', 'az': 9.32451, 'dist': '226.782', 'pga': 0.359, 'date': '2011-12-05', 'time': '02:22:25'}
W07E,None,{'station': 'W07E', 'az': 4.40994, 'dist': '230.091', 'pga': 0.479, 'date': '2011-12-05', 'time': '02:22:25'}
W07F,None,{'station': 'W07F', 'az': 13.0543, 'dist': '232.736', 'pga': 0.479, 'date': '2011-12-05', 'time': '02:22:25'}
W083,None,{'station': 'W083', 'az': 15.912, 'dist': '255.323', 'pga': 0.359, 'date': '2011-12-05', 'time': '02:22:25'}
W084,None,{'station': 'W084', 'az': 11.2665, 'dist': '228.151', 'pga': 0.299, 'date': '2011-12-05', 'time': '02:22:25'}
W087,None,{'station': 'W087', 'az': 10.8667, 'dist': '194.345', 'pga': 0.419, 'date': '2011-12-05', 'time': '02:22:25'}
W08A,None,{'station': 'W08A', 'az': 3.88617, 'dist': '221.94', 'pga': 0.479, 'date': '2011-12-05', 'time': '02:22:25'}
W08E,None,{'station': 'W08E', 'az': 5.21744, 'dist': '215.615', 'pga': 0.359, 'date': '2011-12-05', 'time': '02:22:25'}
W095,None,{'station': 'W095', 'az': 2.72176, 'dist': '218.534', 'pga': 1.316, 'date': '2011-12-05', 'time': '02:22:25'}
W096,None,{'station': 'W096', 'az': 8.43222, 'dist': '248.777', 'pga': 0.538, 'date': '2011-12-05', 'time': '02:22:25'}
W001,None,{'station': 'W001', 'az': 41.5172, 'dist': '9.23376', 'pga': 7.297, 'date': '2011-12-05', 'time': '12:30:45'}
W003,None,{'station': 'W003', 'az': 22.9692, 'dist': '57.029', 'pga': 4.247, 'date': '2011-12-05', 'time': '12:30:45'}
W008,None,{'station': 'W008', 'az': 25.106, 'dist': '69.4224', 'pga': 1.316, 'date': '2011-12-05', 'time': '12:30:45'}
W00A,None,{'station': 'W00A', 'az': 23.1656, 'dist': '46.5321', 'pga': 6.041, 'date': '2011-12-05', 'time': '12:30:45'}
W00F,None,{'station': 'W00F', 'az': 26.2582, 'dist': '75.3759', 'pga': 0.658, 'date': '2011-12-05', 'time': '12:30:45'}
W014,None,{'station': 'W014', 'az': 22.3282, 'dist': '89.8455', 'pga': 1.256, 'date': '2011-12-05', 'time': '12:30:45'}
W015,None,{'station': 'W015', 'az': 18.6022, 'dist': '39.526', 'pga': 2.751, 'date': '2011-12-05', 'time': '12:30:45'}
W017,None,{'station': 'W017', 'az': 48.1658, 'dist': '21.4886', 'pga': 5.264, 'date': '2011-12-05', 'time': '12:30:45'}
W018,None,{'station': 'W018', 'az': 62.2297, 'dist': '23.9938', 'pga': 5.981, 'date': '2011-12-05', 'time': '12:30:45'}
W019,None,{'station': 'W019', 'az': 195.514, 'dist': '8.30734', 'pga': 60.173, 'date': '2011-12-05', 'time': '12:30:45'}
W01D,None,{'station': 'W01D', 'az': 31.4341, 'dist': '53.8055', 'pga': 0.957, 'date': '2011-12-05', 'time': '12:30:45'}
W01F,None,{'station': 'W01F', 'az': 190.967, 'dist': '22.1569', 'pga': 8.912, 'date': '2011-12-05', 'time': '12:30:45'}
W020,None,{'station': 'W020', 'az': 160.918, 'dist': '10.4911', 'pga': 186.919, 'date': '2011-12-05', 'time': '12:30:45'}
W021,None,{'station': 'W021', 'az': 38.6303, 'dist': '40.3026', 'pga': 0.718, 'date': '2011-12-05', 'time': '12:30:45'}
W042,None,{'station': 'W042', 'az': 16.8424, 'dist': '159.888', 'pga': 0.419, 'date': '2011-12-05', 'time': '12:30:45'}
W059,None,{'station': 'W059', 'az': 238.58, 'dist': '78.6926', 'pga': 1.376, 'date': '2011-12-05', 'time': '12:30:45'}
W072,None,{'station': 'W072', 'az': 333.997, 'dist': '69.2856', 'pga': 2.452, 'date': '2011-12-05', 'time': '12:30:45'}
W077,None,{'station': 'W077', 'az': 306.916, 'dist': '74.124', 'pga': 0.598, 'date': '2011-12-05', 'time': '12:30:45'}
W078,None,{'station': 'W078', 'az': 323.24, 'dist': '58.9594', 'pga': 2.153, 'date': '2011-12-05', 'time': '12:30:45'}
W079,None,{'station': 'W079', 'az': 324.943, 'dist': '70.8268', 'pga': 0.718, 'date': '2011-12-05', 'time': '12:30:45'}
W07E,None,{'station': 'W07E', 'az': 316.856, 'dist': '87.3035', 'pga': 1.316, 'date': '2011-12-05', 'time': '12:30:45'}
W07F,None,{'station': 'W07F', 'az': 337.782, 'dist': '65.7095', 'pga': 6.041, 'date': '2011-12-05', 'time': '12:30:45'}
W083,None,{'station': 'W083', 'az': 354.742, 'dist': '79.8967', 'pga': 2.393, 'date': '2011-12-05', 'time': '12:30:45'}
W084,None,{'station': 'W084', 'az': 330.43, 'dist': '66.5766', 'pga': 1.974, 'date': '2011-12-05', 'time': '12:30:45'}
W087,None,{'station': 'W087', 'az': 301.451, 'dist': '48.0152', 'pga': 2.632, 'date': '2011-12-05', 'time': '12:30:45'}
W08A,None,{'station': 'W08A', 'az': 311.773, 'dist': '83.6605', 'pga': 1.555, 'date': '2011-12-05', 'time': '12:30:45'}
W08E,None,{'station': 'W08E', 'az': 310.259, 'dist': '75.825', 'pga': 1.196, 'date': '2011-12-05', 'time': '12:30:45'}
W095,None,{'station': 'W095', 'az': 308.113, 'dist': '85.2478', 'pga': 0.658, 'date': '2011-12-05', 'time': '12:30:45'}
W096,None,{'station': 'W096', 'az': 333.043, 'dist': '90.0661', 'pga': 0.479, 'date': '2011-12-05', 'time': '12:30:45'}
W001,None,{'station': 'W001', 'az': 212.491, 'dist': '161.948', 'pga': 0.718, 'date': '2011-12-05', 'time': '18:49:34'}
W003,None,{'station': 'W003', 'az': 217.758, 'dist': '115.242', 'pga': 0.718, 'date': '2011-12-05', 'time': '18:49:34'}
W008,None,{'station': 'W008', 'az': 218.075, 'dist': '102.642', 'pga': 0.419, 'date': '2011-12-05', 'time': '18:49:34'}
W00A,None,{'station': 'W00A', 'az': 216.493, 'dist': '125.399', 'pga': 0.479, 'date': '2011-12-05', 'time': '18:49:34'}
W00F,None,{'station': 'W00F', 'az': 217.966, 'dist': '96.5168', 'pga': 0.479, 'date': '2011-12-05', 'time': '18:49:34'}
W014,None,{'station': 'W014', 'az': 223.992, 'dist': '84.2124', 'pga': 0.837, 'date': '2011-12-05', 'time': '18:49:34'}
W015,None,{'station': 'W015', 'az': 217.124, 'dist': '133.062', 'pga': 0.419, 'date': '2011-12-05', 'time': '18:49:34'}
W017,None,{'station': 'W017', 'az': 210.803, 'dist': '150.472', 'pga': 0.479, 'date': '2011-12-05', 'time': '18:49:34'}
W018,None,{'station': 'W018', 'az': 208.484, 'dist': '150.67', 'pga': 0.479, 'date': '2011-12-05', 'time': '18:49:34'}
W019,None,{'station': 'W019', 'az': 212.214, 'dist': '179.021', 'pga': 0.419, 'date': '2011-12-05', 'time': '18:49:34'}
W01D,None,{'station': 'W01D', 'az': 213.543, 'dist': '117.276', 'pga': 0.359, 'date': '2011-12-05', 'time': '18:49:34'}
W01F,None,{'station': 'W01F', 'az': 210.552, 'dist': '191.832', 'pga': 0.419, 'date': '2011-12-05', 'time': '18:49:34'}
W020,None,{'station': 'W020', 'az': 210.341, 'dist': '177.757', 'pga': 0.419, 'date': '2011-12-05', 'time': '18:49:34'}
W021,None,{'station': 'W021', 'az': 211.153, 'dist': '131.051', 'pga': 0.359, 'date': '2011-12-05', 'time': '18:49:34'}
W042,None,{'station': 'W042', 'az': 281.414, 'dist': '46.7668', 'pga': 1.495, 'date': '2011-12-05', 'time': '18:49:34'}
W059,None,{'station': 'W059', 'az': 221.103, 'dist': '244.26', 'pga': 0.419, 'date': '2011-12-05', 'time': '18:49:34'}
W072,None,{'station': 'W072', 'az': 236.661, 'dist': '147.386', 'pga': 0.359, 'date': '2011-12-05', 'time': '18:49:34'}
W077,None,{'station': 'W077', 'az': 237.063, 'dist': '181.271', 'pga': 0.479, 'date': '2011-12-05', 'time': '18:49:34'}
W078,None,{'station': 'W078', 'az': 233.158, 'dist': '160.115', 'pga': 0.718, 'date': '2011-12-05', 'time': '18:49:34'}
W079,None,{'station': 'W079', 'az': 237.439, 'dist': '158.357', 'pga': 0.419, 'date': '2011-12-05', 'time': '18:49:34'}
W07E,None,{'station': 'W07E', 'az': 242.494, 'dist': '171.874', 'pga': 0.359, 'date': '2011-12-05', 'time': '18:49:34'}
W07F,None,{'station': 'W07F', 'az': 234.959, 'dist': '143.65', 'pga': 0.419, 'date': '2011-12-05', 'time': '18:49:34'}
W083,None,{'station': 'W083', 'az': 237.427, 'dist': '118.624', 'pga': 1.077, 'date': '2011-12-05', 'time': '18:49:34'}
W084,None,{'station': 'W084', 'az': 235.81, 'dist': '151.888', 'pga': 0.239, 'date': '2011-12-05', 'time': '18:49:34'}
W087,None,{'station': 'W087', 'az': 228.588, 'dist': '178.619', 'pga': 0.419, 'date': '2011-12-05', 'time': '18:49:34'}
W08A,None,{'station': 'W08A', 'az': 240.633, 'dist': '178.073', 'pga': 0.538, 'date': '2011-12-05', 'time': '18:49:34'}
W08E,None,{'station': 'W08E', 'az': 238.022, 'dist': '177.665', 'pga': 0.658, 'date': '2011-12-05', 'time': '18:49:34'}
W095,None,{'station': 'W095', 'az': 240.513, 'dist': '183.683', 'pga': 0.359, 'date': '2011-12-05', 'time': '18:49:34'}
W096,None,{'station': 'W096', 'az': 244.758, 'dist': '147.555', 'pga': 0.538, 'date': '2011-12-05', 'time': '18:49:34'}
W001,None,{'station': 'W001', 'az': 48.056, 'dist': '59.1346', 'pga': 0.479, 'date': '2011-12-06', 'time': '07:53:16'}
W003,None,{'station': 'W003', 'az': 35.1675, 'dist': '104.176', 'pga': 0.419, 'date': '2011-12-06', 'time': '07:53:16'}
W008,None,{'station': 'W008', 'az': 35.1132, 'dist': '116.789', 'pga': 0.359, 'date': '2011-12-06', 'time': '07:53:16'}
W00A,None,{'station': 'W00A', 'az': 36.6308, 'dist': '93.9859', 'pga': 0.359, 'date': '2011-12-06', 'time': '07:53:16'}
W00F,None,{'station': 'W00F', 'az': 35.3207, 'dist': '122.902', 'pga': 0.538, 'date': '2011-12-06', 'time': '07:53:16'}
W014,None,{'station': 'W014', 'az': 31.8025, 'dist': '136.248', 'pga': 0.419, 'date': '2011-12-06', 'time': '07:53:16'}
W015,None,{'station': 'W015', 'az': 35.716, 'dist': '86.3258', 'pga': 0.538, 'date': '2011-12-06', 'time': '07:53:16'}
W017,None,{'station': 'W017', 'az': 48.9071, 'dist': '71.4601', 'pga': 0.538, 'date': '2011-12-06', 'time': '07:53:16'}
W018,None,{'station': 'W018', 'az': 53.4309, 'dist': '73.5653', 'pga': 0.359, 'date': '2011-12-06', 'time': '07:53:16'}
W019,None,{'station': 'W019', 'az': 55.4299, 'dist': '43.3303', 'pga': 1.136, 'date': '2011-12-06', 'time': '07:53:16'}
W01D,None,{'station': 'W01D', 'az': 39.9533, 'dist': '102.505', 'pga': 0.359, 'date': '2011-12-06', 'time': '07:53:16'}
W01F,None,{'station': 'W01F', 'az': 72.1893, 'dist': '35.4187', 'pga': 3.29, 'date': '2011-12-06', 'time': '07:53:16'}
W020,None,{'station': 'W020', 'az': 61.2365, 'dist': '47.1545', 'pga': 1.136, 'date': '2011-12-06', 'time': '07:53:16'}
W021,None,{'station': 'W021', 'az': 44.467, 'dist': '89.8815', 'pga': 1.196, 'date': '2011-12-06', 'time': '07:53:16'}
W042,None,{'station': 'W042', 'az': 24.2859, 'dist': '203.779', 'pga': 0.419, 'date': '2011-12-06', 'time': '07:53:16'}
W059,None,{'station': 'W059', 'az': 253.579, 'dist': '30.4089', 'pga': 2.512, 'date': '2011-12-06', 'time': '07:53:16'}
W072,None,{'station': 'W072', 'az': 4.43042, 'dist': '95.0749', 'pga': 0.479, 'date': '2011-12-06', 'time': '07:53:16'}
W077,None,{'station': 'W077', 'az': 344.394, 'dist': '79.9126', 'pga': 0.419, 'date': '2011-12-06', 'time': '07:53:16'}
W078,None,{'station': 'W078', 'az': 1.77721, 'dist': '79.7801', 'pga': 0.479, 'date': '2011-12-06', 'time': '07:53:16'}
W079,None,{'station': 'W079', 'az': 358.132, 'dist': '90.5179', 'pga': 0.419, 'date': '2011-12-06', 'time': '07:53:16'}
W07E,None,{'station': 'W07E', 'az': 347.12, 'dist': '98.6253', 'pga': 0.479, 'date': '2011-12-06', 'time': '07:53:16'}
W07F,None,{'station': 'W07F', 'az': 7.85332, 'dist': '94.2479', 'pga': 0.479, 'date': '2011-12-06', 'time': '07:53:16'}
W083,None,{'station': 'W083', 'az': 15.1465, 'dist': '116.174', 'pga': 1.376, 'date': '2011-12-06', 'time': '07:53:16'}
W084,None,{'station': 'W084', 'az': 3.08762, 'dist': '90.5494', 'pga': 0.299, 'date': '2011-12-06', 'time': '07:53:16'}
W087,None,{'station': 'W087', 'az': 356.872, 'dist': '57.6308', 'pga': 0.419, 'date': '2011-12-06', 'time': '07:53:16'}
W08A,None,{'station': 'W08A', 'az': 344.377, 'dist': '91.5527', 'pga': 5.981, 'date': '2011-12-06', 'time': '07:53:16'}
W08E,None,{'station': 'W08E', 'az': 346.131, 'dist': '83.8962', 'pga': 0.419, 'date': '2011-12-06', 'time': '07:53:16'}
W095,None,{'station': 'W095', 'az': 340.972, 'dist': '89.9557', 'pga': 0.479, 'date': '2011-12-06', 'time': '07:53:16'}
W096,None,{'station': 'W096', 'az': 358.397, 'dist': '112.816', 'pga': 0.598, 'date': '2011-12-06', 'time': '07:53:16'}
W001,None,{'station': 'W001', 'az': 244.195, 'dist': '98.3269', 'pga': 1.256, 'date': '2011-12-06', 'time': '13:59:56'}
W003,None,{'station': 'W003', 'az': 272.134, 'dist': '72.1431', 'pga': 0.419, 'date': '2011-12-06', 'time': '13:59:56'}
W008,None,{'station': 'W008', 'az': 281.337, 'dist': '66.1152', 'pga': 0.359, 'date': '2011-12-06', 'time': '13:59:56'}
W00A,None,{'station': 'W00A', 'az': 264.734, 'dist': '76.4282', 'pga': 0.359, 'date': '2011-12-06', 'time': '13:59:56'}
W00F,None,{'station': 'W00F', 'az': 286.21, 'dist': '63.4238', 'pga': 0.359, 'date': '2011-12-06', 'time': '13:59:56'}
W014,None,{'station': 'W014', 'az': 298.959, 'dist': '68.5919', 'pga': 0.479, 'date': '2011-12-06', 'time': '13:59:56'}
W015,None,{'station': 'W015', 'az': 261.454, 'dist': '82.7553', 'pga': 0.479, 'date': '2011-12-06', 'time': '13:59:56'}
W017,None,{'station': 'W017', 'az': 245.721, 'dist': '86.2092', 'pga': 0.479, 'date': '2011-12-06', 'time': '13:59:56'}
W018,None,{'station': 'W018', 'az': 242.235, 'dist': '82.9337', 'pga': 0.479, 'date': '2011-12-06', 'time': '13:59:56'}
W019,None,{'station': 'W019', 'az': 239.258, 'dist': '112.813', 'pga': 0.359, 'date': '2011-12-06', 'time': '13:59:56'}
W01D,None,{'station': 'W01D', 'az': 266.593, 'dist': '66.4479', 'pga': 0.419, 'date': '2011-12-06', 'time': '13:59:56'}
W01F,None,{'station': 'W01F', 'az': 234.211, 'dist': '122.097', 'pga': 0.419, 'date': '2011-12-06', 'time': '13:59:56'}
W020,None,{'station': 'W020', 'az': 236.864, 'dist': '109.056', 'pga': 0.419, 'date': '2011-12-06', 'time': '13:59:56'}
W021,None,{'station': 'W021', 'az': 255.17, 'dist': '71.7126', 'pga': 0.419, 'date': '2011-12-06', 'time': '13:59:56'}
W042,None,{'station': 'W042', 'az': 335.317, 'dist': '113.414', 'pga': 0.359, 'date': '2011-12-06', 'time': '13:59:56'}
W059,None,{'station': 'W059', 'az': 240.889, 'dist': '185.541', 'pga': 0.479, 'date': '2011-12-06', 'time': '13:59:56'}
W072,None,{'station': 'W072', 'az': 275.86, 'dist': '125.313', 'pga': 0.419, 'date': '2011-12-06', 'time': '13:59:56'}
W077,None,{'station': 'W077', 'az': 268.222, 'dist': '153.734', 'pga': 0.538, 'date': '2011-12-06', 'time': '13:59:56'}
W078,None,{'station': 'W078', 'az': 269.023, 'dist': '129.684', 'pga': 0.359, 'date': '2011-12-06', 'time': '13:59:56'}
W079,None,{'station': 'W079', 'az': 273.631, 'dist': '135.263', 'pga': 0.479, 'date': '2011-12-06', 'time': '13:59:56'}
W07E,None,{'station': 'W07E', 'az': 275.348, 'dist': '154.645', 'pga': 0.479, 'date': '2011-12-06', 'time': '13:59:56'}
W07F,None,{'station': 'W07F', 'az': 275.426, 'dist': '119.674', 'pga': 0.359, 'date': '2011-12-06', 'time': '13:59:56'}
W083,None,{'station': 'W083', 'az': 286.432, 'dist': '105.813', 'pga': 0.419, 'date': '2011-12-06', 'time': '13:59:56'}
W084,None,{'station': 'W084', 'az': 273.798, 'dist': '127.445', 'pga': 0.239, 'date': '2011-12-06', 'time': '13:59:56'}
W087,None,{'station': 'W087', 'az': 259.808, 'dist': '137.657', 'pga': 0.359, 'date': '2011-12-06', 'time': '13:59:56'}
W08A,None,{'station': 'W08A', 'az': 272.362, 'dist': '156.849', 'pga': 0.359, 'date': '2011-12-06', 'time': '13:59:56'}
W08E,None,{'station': 'W08E', 'az': 269.888, 'dist': '152.232', 'pga': 0.359, 'date': '2011-12-06', 'time': '13:59:56'}
W095,None,{'station': 'W095', 'az': 271.198, 'dist': '161.451', 'pga': 0.359, 'date': '2011-12-06', 'time': '13:59:56'}
W096,None,{'station': 'W096', 'az': 282.881, 'dist': '138.477', 'pga': 0.538, 'date': '2011-12-06', 'time': '13:59:56'}
W001,None,{'station': 'W001', 'az': 237.535, 'dist': '28.2472', 'pga': 0.778, 'date': '2011-12-07', 'time': '19:23:01'}
W003,None,{'station': 'W003', 'az': 345.953, 'dist': '31.3349', 'pga': 1.256, 'date': '2011-12-07', 'time': '19:23:01'}
W008,None,{'station': 'W008', 'az': 359.46, 'dist': '40.7413', 'pga': 0.598, 'date': '2011-12-07', 'time': '19:23:01'}
W00A,None,{'station': 'W00A', 'az': 330.762, 'dist': '23.6979', 'pga': 1.974, 'date': '2011-12-07', 'time': '19:23:01'}
W00F,None,{'station': 'W00F', 'az': 4.42471, 'dist': '45.6016', 'pga': 0.419, 'date': '2011-12-07', 'time': '19:23:01'}
W014,None,{'station': 'W014', 'az': 4.06724, 'dist': '61.1292', 'pga': 0.598, 'date': '2011-12-07', 'time': '19:23:01'}
W015,None,{'station': 'W015', 'az': 311.65, 'dist': '23.129', 'pga': 1.196, 'date': '2011-12-07', 'time': '19:23:01'}
W017,None,{'station': 'W017', 'az': 240.861, 'dist': '15.9456', 'pga': 0.837, 'date': '2011-12-07', 'time': '19:23:01'}
W018,None,{'station': 'W018', 'az': 218.57, 'dist': '13.9771', 'pga': 4.187, 'date': '2011-12-07', 'time': '19:23:01'}
W019,None,{'station': 'W019', 'az': 226.969, 'dist': '44.0575', 'pga': 0.419, 'date': '2011-12-07', 'time': '19:23:01'}
W01D,None,{'station': 'W01D', 'az': 355.641, 'dist': '23.8567', 'pga': 1.136, 'date': '2011-12-07', 'time': '19:23:01'}
W01F,None,{'station': 'W01F', 'az': 218.0, 'dist': '55.5931', 'pga': 0.419, 'date': '2011-12-07', 'time': '19:23:01'}
W020,None,{'station': 'W020', 'az': 219.702, 'dist': '41.574', 'pga': 0.359, 'date': '2011-12-07', 'time': '19:23:01'}
W021,None,{'station': 'W021', 'az': 333.15, 'dist': '10.5007', 'pga': 4.307, 'date': '2011-12-07', 'time': '19:23:01'}
W042,None,{'station': 'W042', 'az': 7.26072, 'dist': '131.929', 'pga': 0.359, 'date': '2011-12-07', 'time': '19:23:01'}
W059,None,{'station': 'W059', 'az': 237.072, 'dist': '115.808', 'pga': 0.419, 'date': '2011-12-07', 'time': '19:23:01'}
W072,None,{'station': 'W072', 'az': 303.773, 'dist': '72.4402', 'pga': 0.419, 'date': '2011-12-07', 'time': '19:23:01'}
W077,None,{'station': 'W077', 'az': 284.214, 'dist': '91.9545', 'pga': 0.538, 'date': '2011-12-07', 'time': '19:23:01'}
W078,None,{'station': 'W078', 'az': 291.178, 'dist': '69.8746', 'pga': 0.479, 'date': '2011-12-07', 'time': '19:23:01'}
W079,None,{'station': 'W079', 'az': 297.038, 'dist': '79.1853', 'pga': 0.419, 'date': '2011-12-07', 'time': '19:23:01'}
W07E,None,{'station': 'W07E', 'az': 295.004, 'dist': '98.7957', 'pga': 0.479, 'date': '2011-12-07', 'time': '19:23:01'}
W07F,None,{'station': 'W07F', 'az': 305.366, 'dist': '67.0649', 'pga': 0.957, 'date': '2011-12-07', 'time': '19:23:01'}
W083,None,{'station': 'W083', 'az': 327.156, 'dist': '68.4533', 'pga': 1.794, 'date': '2011-12-07', 'time': '19:23:01'}
W084,None,{'station': 'W084', 'az': 299.798, 'dist': '72.257', 'pga': 0.239, 'date': '2011-12-07', 'time': '19:23:01'}
W087,None,{'station': 'W087', 'az': 272.482, 'dist': '70.9435', 'pga': 0.359, 'date': '2011-12-07', 'time': '19:23:01'}
W08A,None,{'station': 'W08A', 'az': 290.122, 'dist': '98.2416', 'pga': 0.419, 'date': '2011-12-07', 'time': '19:23:01'}
W08E,None,{'station': 'W08E', 'az': 287.14, 'dist': '91.8077', 'pga': 0.479, 'date': '2011-12-07', 'time': '19:23:01'}
W095,None,{'station': 'W095', 'az': 287.568, 'dist': '101.674', 'pga': 0.419, 'date': '2011-12-07', 'time': '19:23:01'}
W096,None,{'station': 'W096', 'az': 309.537, 'dist': '91.5837', 'pga': 0.598, 'date': '2011-12-07', 'time': '19:23:01'}
W001,None,{'station': 'W001', 'az': 188.322, 'dist': '124.707', 'pga': 0.598, 'date': '2011-12-07', 'time': '22:07:01'}
W003,None,{'station': 'W003', 'az': 181.354, 'dist': '77.8488', 'pga': 1.495, 'date': '2011-12-07', 'time': '22:07:01'}
W008,None,{'station': 'W008', 'az': 175.443, 'dist': '67.6966', 'pga': 0.897, 'date': '2011-12-07', 'time': '22:07:01'}
W00A,None,{'station': 'W00A', 'az': 183.793, 'dist': '87.7399', 'pga': 0.718, 'date': '2011-12-07', 'time': '22:07:01'}
W00F,None,{'station': 'W00F', 'az': 171.59, 'dist': '63.437', 'pga': 0.419, 'date': '2011-12-07', 'time': '22:07:01'}
W014,None,{'station': 'W014', 'az': 167.945, 'dist': '48.3102', 'pga': 2.751, 'date': '2011-12-07', 'time': '22:07:01'}
W015,None,{'station': 'W015', 'az': 187.066, 'dist': '93.5682', 'pga': 0.538, 'date': '2011-12-07', 'time': '22:07:01'}
W017,None,{'station': 'W017', 'az': 184.017, 'dist': '116.277', 'pga': 0.479, 'date': '2011-12-07', 'time': '22:07:01'}
W018,None,{'station': 'W018', 'az': 181.409, 'dist': '119.189', 'pga': 0.718, 'date': '2011-12-07', 'time': '22:07:01'}
W019,None,{'station': 'W019', 'az': 190.814, 'dist': '140.799', 'pga': 0.479, 'date': '2011-12-07', 'time': '22:07:01'}
W01D,None,{'station': 'W01D', 'az': 177.318, 'dist': '84.5275', 'pga': 0.479, 'date': '2011-12-07', 'time': '22:07:01'}
W01F,None,{'station': 'W01F', 'az': 190.592, 'dist': '154.678', 'pga': 3.529, 'date': '2011-12-07', 'time': '22:07:01'}
W020,None,{'station': 'W020', 'az': 188.425, 'dist': '141.747', 'pga': 0.419, 'date': '2011-12-07', 'time': '22:07:01'}
W021,None,{'station': 'W021', 'az': 179.402, 'dist': '98.8606', 'pga': 0.837, 'date': '2011-12-07', 'time': '22:07:01'}
W042,None,{'station': 'W042', 'az': 44.6719, 'dist': '31.8583', 'pga': 0.957, 'date': '2011-12-07', 'time': '22:07:01'}
W059,None,{'station': 'W059', 'az': 208.099, 'dist': '194.077', 'pga': 0.479, 'date': '2011-12-07', 'time': '22:07:01'}
W072,None,{'station': 'W072', 'az': 218.698, 'dist': '87.0945', 'pga': 0.897, 'date': '2011-12-07', 'time': '22:07:01'}
W077,None,{'station': 'W077', 'az': 224.22, 'dist': '119.542', 'pga': 0.479, 'date': '2011-12-07', 'time': '22:07:01'}
W078,None,{'station': 'W078', 'az': 215.584, 'dist': '102.059', 'pga': 0.479, 'date': '2011-12-07', 'time': '22:07:01'}
W079,None,{'station': 'W079', 'az': 221.874, 'dist': '97.0292', 'pga': 1.077, 'date': '2011-12-07', 'time': '22:07:01'}
W07E,None,{'station': 'W07E', 'az': 231.561, 'dist': '106.955', 'pga': 0.957, 'date': '2011-12-07', 'time': '22:07:01'}
W07F,None,{'station': 'W07F', 'az': 215.174, 'dist': '84.9318', 'pga': 0.897, 'date': '2011-12-07', 'time': '22:07:01'}
W083,None,{'station': 'W083', 'az': 211.734, 'dist': '59.6405', 'pga': 2.093, 'date': '2011-12-07', 'time': '22:07:01'}
W084,None,{'station': 'W084', 'az': 218.208, 'dist': '92.0566', 'pga': 0.479, 'date': '2011-12-07', 'time': '22:07:01'}
W087,None,{'station': 'W087', 'az': 211.757, 'dist': '123.692', 'pga': 0.419, 'date': '2011-12-07', 'time': '22:07:01'}
W08A,None,{'station': 'W08A', 'az': 229.273, 'dist': '114.115', 'pga': 2.632, 'date': '2011-12-07', 'time': '22:07:01'}
W08E,None,{'station': 'W08E', 'az': 225.27, 'dist': '115.371', 'pga': 2.273, 'date': '2011-12-07', 'time': '22:07:01'}
W095,None,{'station': 'W095', 'az': 229.609, 'dist': '119.696', 'pga': 1.436, 'date': '2011-12-07', 'time': '22:07:01'}
W096,None,{'station': 'W096', 'az': 232.407, 'dist': '81.8731', 'pga': 0.598, 'date': '2011-12-07', 'time': '22:07:01'}
W001,None,{'station': 'W001', 'az': 323.779, 'dist': '122.058', 'pga': 0.837, 'date': '2011-12-08', 'time': '04:54:55'}
W003,None,{'station': 'W003', 'az': 338.834, 'dist': '154.396', 'pga': 0.419, 'date': '2011-12-08', 'time': '04:54:55'}
W008,None,{'station': 'W008', 'az': 342.553, 'dist': '161.739', 'pga': 0.419, 'date': '2011-12-08', 'time': '04:54:55'}
W00A,None,{'station': 'W00A', 'az': 336.012, 'dist': '146.967', 'pga': 0.359, 'date': '2011-12-08', 'time': '04:54:55'}
W00F,None,{'station': 'W00F', 'az': 344.341, 'dist': '165.141', 'pga': 0.658, 'date': '2011-12-08', 'time': '04:54:55'}
W014,None,{'station': 'W014', 'az': 345.94, 'dist': '179.908', 'pga': 0.419, 'date': '2011-12-08', 'time': '04:54:55'}
W015,None,{'station': 'W015', 'az': 333.087, 'dist': '144.65', 'pga': 0.479, 'date': '2011-12-08', 'time': '04:54:55'}
W017,None,{'station': 'W017', 'az': 329.56, 'dist': '122.759', 'pga': 0.479, 'date': '2011-12-08', 'time': '04:54:55'}
W018,None,{'station': 'W018', 'az': 330.963, 'dist': '117.416', 'pga': 0.479, 'date': '2011-12-08', 'time': '04:54:55'}
W019,None,{'station': 'W019', 'az': 316.064, 'dist': '116.084', 'pga': 0.658, 'date': '2011-12-08', 'time': '04:54:55'}
W01D,None,{'station': 'W01D', 'az': 340.005, 'dist': '146.161', 'pga': 0.419, 'date': '2011-12-08', 'time': '04:54:55'}
W01F,None,{'station': 'W01F', 'az': 310.218, 'dist': '108.187', 'pga': 0.359, 'date': '2011-12-08', 'time': '04:54:55'}
W020,None,{'station': 'W020', 'az': 317.469, 'dist': '110.806', 'pga': 0.359, 'date': '2011-12-08', 'time': '04:54:55'}
W021,None,{'station': 'W021', 'az': 336.697, 'dist': '133.86', 'pga': 0.658, 'date': '2011-12-08', 'time': '04:54:55'}
W042,None,{'station': 'W042', 'az': 352.74, 'dist': '246.349', 'pga': 0.419, 'date': '2011-12-08', 'time': '04:54:55'}
W059,None,{'station': 'W059', 'az': 289.265, 'dist': '154.288', 'pga': 0.419, 'date': '2011-12-08', 'time': '04:54:55'}
W072,None,{'station': 'W072', 'az': 324.878, 'dist': '188.3', 'pga': 0.419, 'date': '2011-12-08', 'time': '04:54:55'}
W077,None,{'station': 'W077', 'az': 314.811, 'dist': '193.557', 'pga': 0.419, 'date': '2011-12-08', 'time': '04:54:55'}
W078,None,{'station': 'W078', 'az': 320.812, 'dist': '179.343', 'pga': 0.479, 'date': '2011-12-08', 'time': '04:54:55'}
W079,None,{'station': 'W079', 'az': 321.611, 'dist': '191.084', 'pga': 0.419, 'date': '2011-12-08', 'time': '04:54:55'}
W07D,None,{'station': 'W07D', 'az': 332.579, 'dist': '197.584', 'pga': 0.419, 'date': '2011-12-08', 'time': '04:54:55'}
W07E,None,{'station': 'W07E', 'az': 318.502, 'dist': '207.745', 'pga': 0.538, 'date': '2011-12-08', 'time': '04:54:55'}
W07F,None,{'station': 'W07F', 'az': 326.022, 'dist': '183.958', 'pga': 0.419, 'date': '2011-12-08', 'time': '04:54:55'}
W083,None,{'station': 'W083', 'az': 333.545, 'dist': '191.21', 'pga': 0.538, 'date': '2011-12-08', 'time': '04:54:55'}
W084,None,{'station': 'W084', 'az': 323.478, 'dist': '186.234', 'pga': 0.239, 'date': '2011-12-08', 'time': '04:54:55'}
W087,None,{'station': 'W087', 'az': 314.451, 'dist': '166.859', 'pga': 0.359, 'date': '2011-12-08', 'time': '04:54:55'}
W08A,None,{'station': 'W08A', 'az': 316.443, 'dist': '203.731', 'pga': 0.359, 'date': '2011-12-08', 'time': '04:54:55'}
W08E,None,{'station': 'W08E', 'az': 316.034, 'dist': '195.744', 'pga': 0.359, 'date': '2011-12-08', 'time': '04:54:55'}
W095,None,{'station': 'W095', 'az': 314.894, 'dist': '204.8', 'pga': 0.359, 'date': '2011-12-08', 'time': '04:54:55'}
W096,None,{'station': 'W096', 'az': 325.404, 'dist': '209.043', 'pga': 0.598, 'date': '2011-12-08', 'time': '04:54:55'}
W001,None,{'station': 'W001', 'az': 250.295, 'dist': '109.16', 'pga': 0.538, 'date': '2011-12-08', 'time': '18:39:54'}
W003,None,{'station': 'W003', 'az': 275.735, 'dist': '86.7283', 'pga': 0.419, 'date': '2011-12-08', 'time': '18:39:54'}
W008,None,{'station': 'W008', 'az': 283.5, 'dist': '81.2614', 'pga': 0.359, 'date': '2011-12-08', 'time': '18:39:54'}
W00A,None,{'station': 'W00A', 'az': 269.346, 'dist': '90.322', 'pga': 0.419, 'date': '2011-12-08', 'time': '18:39:54'}
W00F,None,{'station': 'W00F', 'az': 287.499, 'dist': '78.7326', 'pga': 0.419, 'date': '2011-12-08', 'time': '18:39:54'}
W014,None,{'station': 'W014', 'az': 297.84, 'dist': '83.8971', 'pga': 0.538, 'date': '2011-12-08', 'time': '18:39:54'}
W015,None,{'station': 'W015', 'az': 266.243, 'dist': '96.2591', 'pga': 0.359, 'date': '2011-12-08', 'time': '18:39:54'}
W017,None,{'station': 'W017', 'az': 252.391, 'dist': '97.3857', 'pga': 0.538, 'date': '2011-12-08', 'time': '18:39:54'}
W018,None,{'station': 'W018', 'az': 249.562, 'dist': '93.5126', 'pga': 0.479, 'date': '2011-12-08', 'time': '18:39:54'}
W019,None,{'station': 'W019', 'az': 245.084, 'dist': '122.634', 'pga': 0.479, 'date': '2011-12-08', 'time': '18:39:54'}
W01D,None,{'station': 'W01D', 'az': 271.441, 'dist': '80.5635', 'pga': 0.479, 'date': '2011-12-08', 'time': '18:39:54'}
W01F,None,{'station': 'W01F', 'az': 240.009, 'dist': '130.832', 'pga': 0.359, 'date': '2011-12-08', 'time': '18:39:54'}
W020,None,{'station': 'W020', 'az': 243.078, 'dist': '118.416', 'pga': 0.479, 'date': '2011-12-08', 'time': '18:39:54'}
W021,None,{'station': 'W021', 'az': 261.572, 'dist': '84.4572', 'pga': 0.419, 'date': '2011-12-08', 'time': '18:39:54'}
W042,None,{'station': 'W042', 'az': 330.584, 'dist': '125.143', 'pga': 0.419, 'date': '2011-12-08', 'time': '18:39:54'}
W059,None,{'station': 'W059', 'az': 244.482, 'dist': '195.46', 'pga': 0.419, 'date': '2011-12-08', 'time': '18:39:54'}
W072,None,{'station': 'W072', 'az': 277.721, 'dist': '140.12', 'pga': 0.419, 'date': '2011-12-08', 'time': '18:39:54'}
W077,None,{'station': 'W077', 'az': 270.44, 'dist': '167.874', 'pga': 0.419, 'date': '2011-12-08', 'time': '18:39:54'}
W078,None,{'station': 'W078', 'az': 271.523, 'dist': '143.922', 'pga': 0.419, 'date': '2011-12-08', 'time': '18:39:54'}
W079,None,{'station': 'W079', 'az': 275.592, 'dist': '149.901', 'pga': 0.359, 'date': '2011-12-08', 'time': '18:39:54'}
W07D,None,{'station': 'W07D', 'az': 288.292, 'dist': '127.93', 'pga': 0.538, 'date': '2011-12-08', 'time': '18:39:54'}
W07E,None,{'station': 'W07E', 'az': 276.941, 'dist': '169.403', 'pga': 0.479, 'date': '2011-12-08', 'time': '18:39:54'}
W07F,None,{'station': 'W07F', 'az': 277.411, 'dist': '134.454', 'pga': 0.359, 'date': '2011-12-08', 'time': '18:39:54'}
W083,None,{'station': 'W083', 'az': 287.262, 'dist': '121.121', 'pga': 0.538, 'date': '2011-12-08', 'time': '18:39:54'}
W084,None,{'station': 'W084', 'az': 275.847, 'dist': '142.1', 'pga': 0.239, 'date': '2011-12-08', 'time': '18:39:54'}
W087,None,{'station': 'W087', 'az': 263.025, 'dist': '150.829', 'pga': 0.359, 'date': '2011-12-08', 'time': '18:39:54'}
W08A,None,{'station': 'W08A', 'az': 274.192, 'dist': '171.372', 'pga': 0.359, 'date': '2011-12-08', 'time': '18:39:54'}
W08E,None,{'station': 'W08E', 'az': 271.982, 'dist': '166.535', 'pga': 0.479, 'date': '2011-12-08', 'time': '18:39:54'}
W095,None,{'station': 'W095', 'az': 273.078, 'dist': '175.87', 'pga': 0.359, 'date': '2011-12-08', 'time': '18:39:54'}
W096,None,{'station': 'W096', 'az': 283.899, 'dist': '153.665', 'pga': 0.718, 'date': '2011-12-08', 'time': '18:39:54'}
W003,None,{'station': 'W003', 'az': 4.10034, 'dist': '300.677', 'pga': 0.479, 'date': '2011-12-09', 'time': '07:37:26'}
W008,None,{'station': 'W008', 'az': 5.28571, 'dist': '311.588', 'pga': 0.359, 'date': '2011-12-09', 'time': '07:37:26'}
W00A,None,{'station': 'W00A', 'az': 3.4605, 'dist': '290.711', 'pga': 0.419, 'date': '2011-12-09', 'time': '07:37:26'}
W00F,None,{'station': 'W00F', 'az': 5.90843, 'dist': '316.678', 'pga': 0.538, 'date': '2011-12-09', 'time': '07:37:26'}
W014,None,{'station': 'W014', 'az': 5.7682, 'dist': '332.189', 'pga': 0.598, 'date': '2011-12-09', 'time': '07:37:26'}
W015,None,{'station': 'W015', 'az': 2.38172, 'dist': '285.109', 'pga': 0.479, 'date': '2011-12-09', 'time': '07:37:26'}
W017,None,{'station': 'W017', 'az': 3.3345, 'dist': '262.177', 'pga': 0.538, 'date': '2011-12-09', 'time': '07:37:26'}
W018,None,{'station': 'W018', 'az': 4.52641, 'dist': '259.389', 'pga': 0.479, 'date': '2011-12-09', 'time': '07:37:26'}
W019,None,{'station': 'W019', 'az': 359.284, 'dist': '239.416', 'pga': 1.077, 'date': '2011-12-09', 'time': '07:37:26'}
W01D,None,{'station': 'W01D', 'az': 5.31886, 'dist': '294.577', 'pga': 0.479, 'date': '2011-12-09', 'time': '07:37:26'}
W01F,None,{'station': 'W01F', 'az': 358.735, 'dist': '225.705', 'pga': 0.419, 'date': '2011-12-09', 'time': '07:37:26'}
W020,None,{'station': 'W020', 'az': 0.642511, 'dist': '237.502', 'pga': 0.359, 'date': '2011-12-09', 'time': '07:37:26'}
W021,None,{'station': 'W021', 'az': 5.00105, 'dist': '279.949', 'pga': 1.376, 'date': '2011-12-09', 'time': '07:37:26'}
W042,None,{'station': 'W042', 'az': 6.49612, 'dist': '403.013', 'pga': 0.359, 'date': '2011-12-09', 'time': '07:37:26'}
W059,None,{'station': 'W059', 'az': 341.779, 'dist': '217.268', 'pga': 0.419, 'date': '2011-12-09', 'time': '07:37:26'}
W072,None,{'station': 'W072', 'az': 354.255, 'dist': '311.237', 'pga': 0.479, 'date': '2011-12-09', 'time': '07:37:26'}
W077,None,{'station': 'W077', 'az': 348.376, 'dist': '298.032', 'pga': 0.419, 'date': '2011-12-09', 'time': '07:37:26'}
W078,None,{'station': 'W078', 'az': 353.022, 'dist': '296.836', 'pga': 0.538, 'date': '2011-12-09', 'time': '07:37:26'}
W079,None,{'station': 'W079', 'az': 352.268, 'dist': '308.18', 'pga': 0.479, 'date': '2011-12-09', 'time': '07:37:26'}
W07D,None,{'station': 'W07D', 'az': 357.592, 'dist': '331.422', 'pga': 0.419, 'date': '2011-12-09', 'time': '07:37:26'}
W07E,None,{'station': 'W07E', 'az': 348.997, 'dist': '316.924', 'pga': 0.419, 'date': '2011-12-09', 'time': '07:37:26'}
W07F,None,{'station': 'W07F', 'az': 355.248, 'dist': '309.296', 'pga': 0.359, 'date': '2011-12-09', 'time': '07:37:26'}
W083,None,{'station': 'W083', 'az': 358.583, 'dist': '327.063', 'pga': 1.316, 'date': '2011-12-09', 'time': '07:37:26'}
W084,None,{'station': 'W084', 'az': 353.714, 'dist': '307.154', 'pga': 0.299, 'date': '2011-12-09', 'time': '07:37:26'}
W087,None,{'station': 'W087', 'az': 351.29, 'dist': '275.632', 'pga': 0.419, 'date': '2011-12-09', 'time': '07:37:26'}
W08A,None,{'station': 'W08A', 'az': 348.226, 'dist': '309.646', 'pga': 0.359, 'date': '2011-12-09', 'time': '07:37:26'}
W08E,None,{'station': 'W08E', 'az': 348.807, 'dist': '302.147', 'pga': 0.419, 'date': '2011-12-09', 'time': '07:37:26'}
W095,None,{'station': 'W095', 'az': 347.254, 'dist': '307.592', 'pga': 0.598, 'date': '2011-12-09', 'time': '07:37:26'}
W096,None,{'station': 'W096', 'az': 352.763, 'dist': '330.312', 'pga': 0.658, 'date': '2011-12-09', 'time': '07:37:26'}
W001,None,{'station': 'W001', 'az': 343.209, 'dist': '74.7921', 'pga': 0.538, 'date': '2011-12-10', 'time': '19:52:52'}
W003,None,{'station': 'W003', 'az': 357.368, 'dist': '117.291', 'pga': 0.359, 'date': '2011-12-10', 'time': '19:52:52'}
W008,None,{'station': 'W008', 'az': 0.824716, 'dist': '127.523', 'pga': 0.359, 'date': '2011-12-10', 'time': '19:52:52'}
W00A,None,{'station': 'W00A', 'az': 355.025, 'dist': '107.854', 'pga': 0.419, 'date': '2011-12-10', 'time': '19:52:52'}
W00F,None,{'station': 'W00F', 'az': 2.48415, 'dist': '132.361', 'pga': 0.598, 'date': '2011-12-10', 'time': '19:52:52'}
W014,None,{'station': 'W014', 'az': 2.5393, 'dist': '147.891', 'pga': 0.538, 'date': '2011-12-10', 'time': '19:52:52'}
W015,None,{'station': 'W015', 'az': 351.612, 'dist': '103.243', 'pga': 0.419, 'date': '2011-12-10', 'time': '19:52:52'}
W017,None,{'station': 'W017', 'az': 351.575, 'dist': '79.8655', 'pga': 0.538, 'date': '2011-12-10', 'time': '19:52:52'}
W018,None,{'station': 'W018', 'az': 355.111, 'dist': '76.1179', 'pga': 0.479, 'date': '2011-12-10', 'time': '19:52:52'}
W019,None,{'station': 'W019', 'az': 332.135, 'dist': '64.1365', 'pga': 0.479, 'date': '2011-12-10', 'time': '19:52:52'}
W01D,None,{'station': 'W01D', 'az': 0.211585, 'dist': '110.558', 'pga': 0.419, 'date': '2011-12-10', 'time': '19:52:52'}
W01F,None,{'station': 'W01F', 'az': 323.32, 'dist': '53.5624', 'pga': 0.598, 'date': '2011-12-10', 'time': '19:52:52'}
W020,None,{'station': 'W020', 'az': 336.054, 'dist': '59.939', 'pga': 0.419, 'date': '2011-12-10', 'time': '19:52:52'}
W021,None,{'station': 'W021', 'az': 358.499, 'dist': '96.1711', 'pga': 0.419, 'date': '2011-12-10', 'time': '19:52:52'}
W042,None,{'station': 'W042', 'az': 4.95824, 'dist': '218.461', 'pga': 0.598, 'date': '2011-12-10', 'time': '19:52:52'}
W059,None,{'station': 'W059', 'az': 284.068, 'dist': '97.9061', 'pga': 0.479, 'date': '2011-12-10', 'time': '19:52:52'}
W072,None,{'station': 'W072', 'az': 335.459, 'dist': '139.644', 'pga': 0.419, 'date': '2011-12-10', 'time': '19:52:52'}
W077,None,{'station': 'W077', 'az': 321.513, 'dist': '139.674', 'pga': 0.359, 'date': '2011-12-10', 'time': '19:52:52'}
W078,None,{'station': 'W078', 'az': 330.666, 'dist': '128.473', 'pga': 0.359, 'date': '2011-12-10', 'time': '19:52:52'}
W079,None,{'station': 'W079', 'az': 330.903, 'dist': '140.482', 'pga': 0.479, 'date': '2011-12-10', 'time': '19:52:52'}
W07D,None,{'station': 'W07D', 'az': 344.655, 'dist': '153.94', 'pga': 0.419, 'date': '2011-12-10', 'time': '19:52:52'}
W07E,None,{'station': 'W07E', 'az': 325.803, 'dist': '155.372', 'pga': 0.419, 'date': '2011-12-10', 'time': '19:52:52'}
W07F,None,{'station': 'W07F', 'az': 337.322, 'dist': '136.1', 'pga': 0.419, 'date': '2011-12-10', 'time': '19:52:52'}
W083,None,{'station': 'W083', 'az': 346.397, 'dist': '148.439', 'pga': 0.538, 'date': '2011-12-10', 'time': '19:52:52'}
W084,None,{'station': 'W084', 'az': 333.752, 'dist': '136.769', 'pga': 0.239, 'date': '2011-12-10', 'time': '19:52:52'}
W087,None,{'station': 'W087', 'az': 322.609, 'dist': '113.061', 'pga': 0.419, 'date': '2011-12-10', 'time': '19:52:52'}
W08A,None,{'station': 'W08A', 'az': 323.246, 'dist': '150.457', 'pga': 0.359, 'date': '2011-12-10', 'time': '19:52:52'}
W08E,None,{'station': 'W08E', 'az': 323.079, 'dist': '142.355', 'pga': 0.419, 'date': '2011-12-10', 'time': '19:52:52'}
W095,None,{'station': 'W095', 'az': 321.113, 'dist': '150.875', 'pga': 0.479, 'date': '2011-12-10', 'time': '19:52:52'}
W096,None,{'station': 'W096', 'az': 334.747, 'dist': '160.383', 'pga': 0.837, 'date': '2011-12-10', 'time': '19:52:52'}
W001,None,{'station': 'W001', 'az': 357.013, 'dist': '34.7243', 'pga': 0.538, 'date': '2011-12-11', 'time': '05:56:49'}
W003,None,{'station': 'W003', 'az': 10.1364, 'dist': '81.5347', 'pga': 0.359, 'date': '2011-12-11', 'time': '05:56:49'}
W008,None,{'station': 'W008', 'az': 13.3812, 'dist': '93.143', 'pga': 0.419, 'date': '2011-12-11', 'time': '05:56:49'}
W00A,None,{'station': 'W00A', 'az': 8.38295, 'dist': '71.2988', 'pga': 0.359, 'date': '2011-12-11', 'time': '05:56:49'}
W00F,None,{'station': 'W00F', 'az': 14.9455, 'dist': '98.6847', 'pga': 0.658, 'date': '2011-12-11', 'time': '05:56:49'}
W014,None,{'station': 'W014', 'az': 13.3194, 'dist': '113.922', 'pga': 0.479, 'date': '2011-12-11', 'time': '05:56:49'}
W015,None,{'station': 'W015', 'az': 4.11737, 'dist': '65.3896', 'pga': 0.419, 'date': '2011-12-11', 'time': '05:56:49'}
W017,None,{'station': 'W017', 'az': 10.8727, 'dist': '42.8598', 'pga': 0.538, 'date': '2011-12-11', 'time': '05:56:49'}
W018,None,{'station': 'W018', 'az': 18.8634, 'dist': '41.1444', 'pga': 0.598, 'date': '2011-12-11', 'time': '05:56:49'}
W019,None,{'station': 'W019', 'az': 332.792, 'dist': '22.2218', 'pga': 0.897, 'date': '2011-12-11', 'time': '05:56:49'}
W01D,None,{'station': 'W01D', 'az': 15.3003, 'dist': '76.3673', 'pga': 0.359, 'date': '2011-12-11', 'time': '05:56:49'}
W01F,None,{'station': 'W01F', 'az': 296.324, 'dist': '13.5678', 'pga': 2.512, 'date': '2011-12-11', 'time': '05:56:49'}
W020,None,{'station': 'W020', 'az': 345.822, 'dist': '18.4109', 'pga': 1.136, 'date': '2011-12-11', 'time': '05:56:49'}
W021,None,{'station': 'W021', 'az': 16.2303, 'dist': '61.6959', 'pga': 0.419, 'date': '2011-12-11', 'time': '05:56:49'}
W042,None,{'station': 'W042', 'az': 12.0162, 'dist': '184.821', 'pga': 0.419, 'date': '2011-12-11', 'time': '05:56:49'}
W059,None,{'station': 'W059', 'az': 260.016, 'dist': '76.2645', 'pga': 0.359, 'date': '2011-12-11', 'time': '05:56:49'}
W072,None,{'station': 'W072', 'az': 336.972, 'dist': '97.8517', 'pga': 0.419, 'date': '2011-12-11', 'time': '05:56:49'}
W077,None,{'station': 'W077', 'az': 317.112, 'dist': '98.7042', 'pga': 0.419, 'date': '2011-12-11', 'time': '05:56:49'}
W078,None,{'station': 'W078', 'az': 330.068, 'dist': '86.5668', 'pga': 0.359, 'date': '2011-12-11', 'time': '05:56:49'}
W079,None,{'station': 'W079', 'az': 330.468, 'dist': '98.5712', 'pga': 0.479, 'date': '2011-12-11', 'time': '05:56:49'}
W07D,None,{'station': 'W07D', 'az': 349.313, 'dist': '113.469', 'pga': 0.359, 'date': '2011-12-11', 'time': '05:56:49'}
W07E,None,{'station': 'W07E', 'az': 323.542, 'dist': '113.762', 'pga': 0.419, 'date': '2011-12-11', 'time': '05:56:49'}
W07F,None,{'station': 'W07F', 'az': 339.717, 'dist': '94.4685', 'pga': 0.419, 'date': '2011-12-11', 'time': '05:56:49'}
W083,None,{'station': 'W083', 'az': 351.933, 'dist': '108.404', 'pga': 0.419, 'date': '2011-12-11', 'time': '05:56:49'}
W084,None,{'station': 'W084', 'az': 334.562, 'dist': '94.8886', 'pga': 0.299, 'date': '2011-12-11', 'time': '05:56:49'}
W087,None,{'station': 'W087', 'az': 317.228, 'dist': '71.9835', 'pga': 0.419, 'date': '2011-12-11', 'time': '05:56:49'}
W08A,None,{'station': 'W08A', 'az': 319.917, 'dist': '109.176', 'pga': 0.359, 'date': '2011-12-11', 'time': '05:56:49'}
W08E,None,{'station': 'W08E', 'az': 319.422, 'dist': '101.114', 'pga': 0.419, 'date': '2011-12-11', 'time': '05:56:49'}
W095,None,{'station': 'W095', 'az': 317.004, 'dist': '109.95', 'pga': 0.419, 'date': '2011-12-11', 'time': '05:56:49'}
W096,None,{'station': 'W096', 'az': 335.733, 'dist': '118.543', 'pga': 0.658, 'date': '2011-12-11', 'time': '05:56:49'}
W001,None,{'station': 'W001', 'az': 190.899, 'dist': '55.8923', 'pga': 0.598, 'date': '2011-12-11', 'time': '12:06:13'}
W003,None,{'station': 'W003', 'az': 148.888, 'dist': '10.8727', 'pga': 18.243, 'date': '2011-12-11', 'time': '12:06:13'}
W008,None,{'station': 'W008', 'az': 85.3687, 'dist': '12.8722', 'pga': 4.247, 'date': '2011-12-11', 'time': '12:06:13'}
W00A,None,{'station': 'W00A', 'az': 175.023, 'dist': '19.1035', 'pga': 6.639, 'date': '2011-12-11', 'time': '12:06:13'}
W00F,None,{'station': 'W00F', 'az': 70.9715, 'dist': '17.6945', 'pga': 0.897, 'date': '2011-12-11', 'time': '12:06:13'}
